This file contains any messages produced by compilers while
running configure, to aid debugging if configure makes a mistake.

It was created by nissa configure 1.0, which was
generated by GNU Autoconf 2.69.  Invocation command line was

  $ ./configure CC=mpicc CXX=mpicxx CFLAGS=-std=c99 -Wall -DBGQ_UNVECTORIZE=0 -fopenmp -ggdb3 CXXFLAGS=-Wall -fopenmp -ggdb3

## --------- ##
## Platform. ##
## --------- ##

hostname = francesco
uname -m = x86_64
uname -r = 11.4.2
uname -s = Darwin
uname -v = Darwin Kernel Version 11.4.2: Thu Aug 23 16:25:48 PDT 2012; root:xnu-1699.32.7~1/RELEASE_X86_64

/usr/bin/uname -p = i386
/bin/uname -X     = unknown

/bin/arch              = unknown
/usr/bin/arch -k       = unknown
/usr/convex/getsysinfo = unknown
/usr/bin/hostinfo      = Mach kernel version:
	 Darwin Kernel Version 11.4.2: Thu Aug 23 16:25:48 PDT 2012; root:xnu-1699.32.7~1/RELEASE_X86_64
Kernel configured for up to 8 processors.
4 processors are physically available.
8 processors are logically available.
Processor type: i486 (Intel 80486)
Processors active: 0 1 2 3 4 5 6 7
Primary memory available: 4.00 gigabytes
Default processor set: 110 tasks, 497 threads, 8 processors
Load average: 0.52, Mach factor: 7.47
/bin/machine           = unknown
/usr/bin/oslevel       = unknown
/bin/universe          = unknown

PATH: /opt/local/bin
PATH: /opt/local/sbin
PATH: /Users/francesco/bin/valgrind/bin
PATH: /sw/bin
PATH: /sw/sbin
PATH: /usr/bin
PATH: /bin
PATH: /usr/sbin
PATH: /sbin
PATH: /usr/local/bin
PATH: /usr/X11/bin
PATH: /usr/texbin
PATH: /Users/francesco/bin
PATH: /usr/X11R6/bin
PATH: /opt/local/root/bin
PATH: /Users/francesco/c/tools


## ----------- ##
## Core tests. ##
## ----------- ##

configure:1875: checking for a BSD-compatible install
configure:1943: result: /sw/bin/ginstall -c
configure:1954: checking whether build environment is sane
configure:2009: result: yes
configure:2160: checking for a thread-safe mkdir -p
configure:2199: result: /sw/bin/gmkdir -p
configure:2206: checking for gawk
configure:2222: found /sw/bin/gawk
configure:2233: result: gawk
configure:2244: checking whether make sets $(MAKE)
configure:2266: result: yes
configure:2401: checking for gcc
configure:2428: result: mpicc
configure:2657: checking for C compiler version
configure:2666: mpicc --version >&5
gcc-fsf-4.7 (GCC) 4.7.2
Copyright (C) 2012 Free Software Foundation, Inc.
This is free software; see the source for copying conditions.  There is NO
warranty; not even for MERCHANTABILITY or FITNESS FOR A PARTICULAR PURPOSE.

configure:2677: $? = 0
configure:2666: mpicc -v >&5
Using built-in specs.
COLLECT_GCC=/sw/bin/gcc-fsf-4.7
COLLECT_LTO_WRAPPER=/sw/lib/gcc4.7/libexec/gcc/x86_64-apple-darwin11.4.2/4.7.2/lto-wrapper
Target: x86_64-apple-darwin11.4.2
Configured with: ../gcc-4.7.2/configure --prefix=/sw --prefix=/sw/lib/gcc4.7 --mandir=/sw/share/man --infodir=/sw/lib/gcc4.7/info --enable-languages=c,c++,fortran,lto,objc,obj-c++,java --with-gmp=/sw --with-libiconv-prefix=/sw --with-ppl=/sw --with-cloog=/sw --with-mpc=/sw --with-system-zlib --x-includes=/usr/X11R6/include --x-libraries=/usr/X11R6/lib --program-suffix=-fsf-4.7 --enable-cloog-backend=isl
Thread model: posix
gcc version 4.7.2 (GCC) 
configure:2677: $? = 0
configure:2666: mpicc -V >&5
gcc-fsf-4.7: error: unrecognized command line option '-V'
gcc-fsf-4.7: fatal error: no input files
compilation terminated.
configure:2677: $? = 1
configure:2666: mpicc -qversion >&5
gcc-fsf-4.7: error: unrecognized command line option '-qversion'
gcc-fsf-4.7: fatal error: no input files
compilation terminated.
configure:2677: $? = 1
configure:2697: checking whether the C compiler works
configure:2719: mpicc -std=c99 -Wall -DBGQ_UNVECTORIZE=0 -fopenmp -ggdb3   conftest.c  >&5
configure:2723: $? = 0
configure:2771: result: yes
configure:2774: checking for C compiler default output file name
configure:2776: result: a.out
configure:2782: checking for suffix of executables
configure:2789: mpicc -o conftest -std=c99 -Wall -DBGQ_UNVECTORIZE=0 -fopenmp -ggdb3   conftest.c  >&5
configure:2793: $? = 0
configure:2815: result: 
configure:2837: checking whether we are cross compiling
configure:2845: mpicc -o conftest -std=c99 -Wall -DBGQ_UNVECTORIZE=0 -fopenmp -ggdb3   conftest.c  >&5
configure:2849: $? = 0
configure:2856: ./conftest
configure:2860: $? = 0
configure:2875: result: no
configure:2880: checking for suffix of object files
configure:2902: mpicc -c -std=c99 -Wall -DBGQ_UNVECTORIZE=0 -fopenmp -ggdb3  conftest.c >&5
configure:2906: $? = 0
configure:2927: result: o
configure:2931: checking whether we are using the GNU C compiler
configure:2950: mpicc -c -std=c99 -Wall -DBGQ_UNVECTORIZE=0 -fopenmp -ggdb3  conftest.c >&5
configure:2950: $? = 0
configure:2959: result: yes
configure:2968: checking whether mpicc accepts -g
configure:2988: mpicc -c -g  conftest.c >&5
configure:2988: $? = 0
configure:3029: result: yes
configure:3046: checking for mpicc option to accept ISO C89
configure:3109: mpicc  -c -std=c99 -Wall -DBGQ_UNVECTORIZE=0 -fopenmp -ggdb3  conftest.c >&5
configure:3109: $? = 0
configure:3122: result: none needed
configure:3153: checking for style of include used by make
configure:3181: result: GNU
configure:3207: checking dependency style of mpicc
configure:3318: result: gcc3
configure:3445: checking for C++ compiler version
configure:3454: mpicxx --version >&5
g++-fsf-4.7 (GCC) 4.7.2
Copyright (C) 2012 Free Software Foundation, Inc.
This is free software; see the source for copying conditions.  There is NO
warranty; not even for MERCHANTABILITY or FITNESS FOR A PARTICULAR PURPOSE.

configure:3465: $? = 0
configure:3454: mpicxx -v >&5
Using built-in specs.
COLLECT_GCC=/sw/bin/g++-fsf-4.7
COLLECT_LTO_WRAPPER=/sw/lib/gcc4.7/libexec/gcc/x86_64-apple-darwin11.4.2/4.7.2/lto-wrapper
Target: x86_64-apple-darwin11.4.2
Configured with: ../gcc-4.7.2/configure --prefix=/sw --prefix=/sw/lib/gcc4.7 --mandir=/sw/share/man --infodir=/sw/lib/gcc4.7/info --enable-languages=c,c++,fortran,lto,objc,obj-c++,java --with-gmp=/sw --with-libiconv-prefix=/sw --with-ppl=/sw --with-cloog=/sw --with-mpc=/sw --with-system-zlib --x-includes=/usr/X11R6/include --x-libraries=/usr/X11R6/lib --program-suffix=-fsf-4.7 --enable-cloog-backend=isl
Thread model: posix
gcc version 4.7.2 (GCC) 
configure:3465: $? = 0
configure:3454: mpicxx -V >&5
g++-fsf-4.7: error: unrecognized command line option '-V'
g++-fsf-4.7: fatal error: no input files
compilation terminated.
configure:3465: $? = 1
configure:3454: mpicxx -qversion >&5
g++-fsf-4.7: error: unrecognized command line option '-qversion'
g++-fsf-4.7: fatal error: no input files
compilation terminated.
configure:3465: $? = 1
configure:3469: checking whether we are using the GNU C++ compiler
configure:3488: mpicxx -c -Wall -fopenmp -ggdb3  conftest.cpp >&5
configure:3488: $? = 0
configure:3497: result: yes
configure:3506: checking whether mpicxx accepts -g
configure:3526: mpicxx -c -g  conftest.cpp >&5
configure:3526: $? = 0
configure:3567: result: yes
configure:3592: checking dependency style of mpicxx
configure:3703: result: gcc3
configure:3763: checking for ranlib
configure:3779: found /opt/local/bin/ranlib
configure:3790: result: ranlib
configure:3927: checking that generated files are newer than configure
configure:3933: result: done
configure:3960: creating ./config.status

## ---------------------- ##
## Running config.status. ##
## ---------------------- ##

This file was extended by nissa config.status 1.0, which was
generated by GNU Autoconf 2.69.  Invocation command line was

  CONFIG_FILES    = 
  CONFIG_HEADERS  = 
  CONFIG_LINKS    = 
  CONFIG_COMMANDS = 
  $ ./config.status 

on francesco

config.status:840: creating Makefile
config.status:840: creating ./config.h
config.status:1021: ./config.h is unchanged
config.status:1069: executing depfiles commands

## ---------------- ##
## Cache variables. ##
## ---------------- ##

ac_cv_c_compiler_gnu=yes
ac_cv_cxx_compiler_gnu=yes
ac_cv_env_CCC_set=
ac_cv_env_CCC_value=
ac_cv_env_CC_set=set
ac_cv_env_CC_value=mpicc
ac_cv_env_CFLAGS_set=set
ac_cv_env_CFLAGS_value='-std=c99 -Wall -DBGQ_UNVECTORIZE=0 -fopenmp -ggdb3'
ac_cv_env_CPPFLAGS_set=
ac_cv_env_CPPFLAGS_value=
ac_cv_env_CXXFLAGS_set=set
ac_cv_env_CXXFLAGS_value='-Wall -fopenmp -ggdb3'
ac_cv_env_CXX_set=set
ac_cv_env_CXX_value=mpicxx
ac_cv_env_LDFLAGS_set=
ac_cv_env_LDFLAGS_value=
ac_cv_env_LIBS_set=
ac_cv_env_LIBS_value=
ac_cv_env_build_alias_set=
ac_cv_env_build_alias_value=
ac_cv_env_host_alias_set=
ac_cv_env_host_alias_value=
ac_cv_env_target_alias_set=
ac_cv_env_target_alias_value=
ac_cv_objext=o
ac_cv_path_INTLTOOL_PERL=/usr/bin/perl
ac_cv_path_install='/sw/bin/ginstall -c'
ac_cv_path_mkdir=/sw/bin/gmkdir
ac_cv_prog_AWK=gawk
ac_cv_prog_ac_ct_CC=mpicc
ac_cv_prog_ac_ct_RANLIB=ranlib
ac_cv_prog_cc_c89=
ac_cv_prog_cc_g=yes
ac_cv_prog_cxx_g=yes
ac_cv_prog_make_make_set=yes
am_cv_CC_dependencies_compiler_type=gcc3
am_cv_CXX_dependencies_compiler_type=gcc3

## ----------------- ##
## Output variables. ##
## ----------------- ##

ACLOCAL='${SHELL} /Users/francesco/Prace/nissa/missing --run aclocal-1.12'
AMDEPBACKSLASH='\'
AMDEP_FALSE='#'
AMDEP_TRUE=''
AMTAR='$${TAR-tar}'
AUTOCONF='${SHELL} /Users/francesco/Prace/nissa/missing --run autoconf'
AUTOHEADER='${SHELL} /Users/francesco/Prace/nissa/missing --run autoheader'
AUTOMAKE='${SHELL} /Users/francesco/Prace/nissa/missing --run automake-1.12'
AWK='gawk'
CC='mpicc'
CCDEPMODE='depmode=gcc3'
CFLAGS='-std=c99 -Wall -DBGQ_UNVECTORIZE=0 -fopenmp -ggdb3'
CPPFLAGS=''
CXX='mpicxx'
CXXDEPMODE='depmode=gcc3'
CXXFLAGS='-Wall -fopenmp -ggdb3'
CYGPATH_W='echo'
DEFS='-DHAVE_CONFIG_H'
DEPDIR='.deps'
ECHO_C='\c'
ECHO_N=''
ECHO_T=''
EXEEXT=''
INSTALL_DATA='${INSTALL} -m 644'
INSTALL_PROGRAM='${INSTALL}'
INSTALL_SCRIPT='${INSTALL}'
INSTALL_STRIP_PROGRAM='$(install_sh) -c -s'
LDFLAGS=''
LIBOBJS=''
LIBS=''
LTLIBOBJS=''
MAKEINFO='${SHELL} /Users/francesco/Prace/nissa/missing --run makeinfo'
MKDIR_P='/sw/bin/gmkdir -p'
OBJEXT='o'
PACKAGE='nissa'
PACKAGE_BUGREPORT='francesco.sanfilippo@th.u-psud.fr'
PACKAGE_NAME='nissa'
PACKAGE_STRING='nissa 1.0'
PACKAGE_TARNAME='nissa'
PACKAGE_URL=''
PACKAGE_VERSION='1.0'
PATH_SEPARATOR=':'
RANLIB='ranlib'
SET_MAKE=''
SHELL='/bin/sh'
STRIP=''
VERSION='1.0'
ac_ct_CC='mpicc'
ac_ct_CXX=''
am__EXEEXT_FALSE=''
am__EXEEXT_TRUE='#'
am__fastdepCC_FALSE='#'
am__fastdepCC_TRUE=''
am__fastdepCXX_FALSE='#'
am__fastdepCXX_TRUE=''
am__include='include'
am__isrc=''
am__leading_dot='.'
am__nodep='_no'
am__quote=''
am__tar='$${TAR-tar} chof - "$$tardir"'
am__untar='$${TAR-tar} xf -'
bindir='${exec_prefix}/bin'
build_alias=''
datadir='${datarootdir}'
datarootdir='${prefix}/share'
docdir='${datarootdir}/doc/${PACKAGE_TARNAME}'
dvidir='${docdir}'
exec_prefix='${prefix}'
host_alias=''
htmldir='${docdir}'
includedir='${prefix}/include'
infodir='${datarootdir}/info'
install_sh='${SHELL} /Users/francesco/Prace/nissa/install-sh'
libdir='${exec_prefix}/lib'
libexecdir='${exec_prefix}/libexec'
localedir='${datarootdir}/locale'
localstatedir='${prefix}/var'
mandir='${datarootdir}/man'
mkdir_p='$(MKDIR_P)'
oldincludedir='/usr/include'
pdfdir='${docdir}'
prefix='/usr/local'
program_transform_name='s,x,x,'
psdir='${docdir}'
sbindir='${exec_prefix}/sbin'
sharedstatedir='${prefix}/com'
sysconfdir='${prefix}/etc'
target_alias=''

## ----------- ##
## confdefs.h. ##
## ----------- ##

/* confdefs.h */
#define PACKAGE_NAME "nissa"
#define PACKAGE_TARNAME "nissa"
#define PACKAGE_VERSION "1.0"
#define PACKAGE_STRING "nissa 1.0"
#define PACKAGE_BUGREPORT "francesco.sanfilippo@th.u-psud.fr"
#define PACKAGE_URL ""

configure: exit 0
